Build started 04/05/2016 16:41:00.
     1>Project "D:\Users\mcphy\Documents\Visual Studio 2013\GraphicsGame\Editor\Editor.vcxproj" on node 3 (build target(s)).
     1>InitializeBuildStatus:
         Creating "Debug\Editor.unsuccessfulbuild" because "AlwaysCreate" was specified.
       ClCompile:
         D:\Program Files (x86)\Microsoft Visual Studio 10.0\VC\bin\CL.exe /c /ZI /nologo /W3 /WX- /Od /Oy- /D WIN32 /D _DEBUG /D _WINDOWS /D _MBCS /Gm /EHsc /RTC1 /MDd /GS /fp:precise /Zc:wchar_t /Zc:forScope /Fo"Debug\\" /Fd"Debug\vc100.pdb" /Gd /TP /analyze- /errorReport:prompt Game.cpp
         Game.cpp
     1>d:\users\mcphy\documents\visual studio 2013\graphicsgame\editor\game.cpp(50): warning C4244: 'argument' : conversion from 'double' to 'float', possible loss of data
     1>d:\users\mcphy\documents\visual studio 2013\graphicsgame\editor\game.cpp(50): warning C4244: 'argument' : conversion from 'double' to 'float', possible loss of data
     1>d:\users\mcphy\documents\visual studio 2013\graphicsgame\editor\game.cpp(138): warning C4305: 'initializing' : truncation from 'double' to 'float'
     1>d:\users\mcphy\documents\visual studio 2013\graphicsgame\editor\game.cpp(140): warning C4305: 'initializing' : truncation from 'double' to 'float'
     1>d:\users\mcphy\documents\visual studio 2013\graphicsgame\editor\game.cpp(575): warning C4244: 'argument' : conversion from 'double' to 'GLfloat', possible loss of data
     1>d:\users\mcphy\documents\visual studio 2013\graphicsgame\editor\game.cpp(575): warning C4244: 'argument' : conversion from 'double' to 'GLfloat', possible loss of data
     1>d:\users\mcphy\documents\visual studio 2013\graphicsgame\editor\game.cpp(589): warning C4244: 'argument' : conversion from 'double' to 'GLfloat', possible loss of data
     1>d:\users\mcphy\documents\visual studio 2013\graphicsgame\editor\game.cpp(589): warning C4244: 'argument' : conversion from 'double' to 'GLfloat', possible loss of data
     1>d:\users\mcphy\documents\visual studio 2013\graphicsgame\editor\game.cpp(598): warning C4244: 'argument' : conversion from 'double' to 'GLfloat', possible loss of data
     1>d:\users\mcphy\documents\visual studio 2013\graphicsgame\editor\game.cpp(598): warning C4244: 'argument' : conversion from 'double' to 'GLfloat', possible loss of data
     1>d:\users\mcphy\documents\visual studio 2013\graphicsgame\editor\game.cpp(610): warning C4244: 'argument' : conversion from 'double' to 'GLfloat', possible loss of data
     1>d:\users\mcphy\documents\visual studio 2013\graphicsgame\editor\game.cpp(610): warning C4244: 'argument' : conversion from 'double' to 'GLfloat', possible loss of data
     1>d:\users\mcphy\documents\visual studio 2013\graphicsgame\editor\game.cpp(625): warning C4244: 'argument' : conversion from 'double' to 'GLfloat', possible loss of data
     1>d:\users\mcphy\documents\visual studio 2013\graphicsgame\editor\game.cpp(625): warning C4244: 'argument' : conversion from 'double' to 'GLfloat', possible loss of data
     1>d:\users\mcphy\documents\visual studio 2013\graphicsgame\editor\game.cpp(633): warning C4244: 'argument' : conversion from 'double' to 'GLfloat', possible loss of data
     1>d:\users\mcphy\documents\visual studio 2013\graphicsgame\editor\game.cpp(633): warning C4244: 'argument' : conversion from 'double' to 'GLfloat', possible loss of data
     1>d:\users\mcphy\documents\visual studio 2013\graphicsgame\editor\game.cpp(637): warning C4244: 'argument' : conversion from 'int' to 'GLfloat', possible loss of data
     1>d:\users\mcphy\documents\visual studio 2013\graphicsgame\editor\game.cpp(648): warning C4244: 'argument' : conversion from 'double' to 'GLfloat', possible loss of data
     1>d:\users\mcphy\documents\visual studio 2013\graphicsgame\editor\game.cpp(648): warning C4244: 'argument' : conversion from 'double' to 'GLfloat', possible loss of data
     1>d:\users\mcphy\documents\visual studio 2013\graphicsgame\editor\game.cpp(655): warning C4244: 'argument' : conversion from 'double' to 'GLfloat', possible loss of data
     1>d:\users\mcphy\documents\visual studio 2013\graphicsgame\editor\game.cpp(655): warning C4244: 'argument' : conversion from 'double' to 'GLfloat', possible loss of data
     1>d:\users\mcphy\documents\visual studio 2013\graphicsgame\editor\game.cpp(656): warning C4244: 'argument' : conversion from 'double' to 'GLfloat', possible loss of data
     1>d:\users\mcphy\documents\visual studio 2013\graphicsgame\editor\game.cpp(656): warning C4244: 'argument' : conversion from 'double' to 'GLfloat', possible loss of data
     1>d:\users\mcphy\documents\visual studio 2013\graphicsgame\editor\game.cpp(657): warning C4244: 'argument' : conversion from 'double' to 'GLfloat', possible loss of data
     1>d:\users\mcphy\documents\visual studio 2013\graphicsgame\editor\game.cpp(657): warning C4244: 'argument' : conversion from 'double' to 'GLfloat', possible loss of data
     1>d:\users\mcphy\documents\visual studio 2013\graphicsgame\editor\game.cpp(658): warning C4244: 'argument' : conversion from 'double' to 'GLfloat', possible loss of data
     1>d:\users\mcphy\documents\visual studio 2013\graphicsgame\editor\game.cpp(658): warning C4244: 'argument' : conversion from 'double' to 'GLfloat', possible loss of data
     1>d:\users\mcphy\documents\visual studio 2013\graphicsgame\editor\game.cpp(666): warning C4244: 'argument' : conversion from 'double' to 'GLfloat', possible loss of data
     1>d:\users\mcphy\documents\visual studio 2013\graphicsgame\editor\game.cpp(667): warning C4244: 'argument' : conversion from 'double' to 'GLfloat', possible loss of data
     1>d:\users\mcphy\documents\visual studio 2013\graphicsgame\editor\game.cpp(667): warning C4244: 'argument' : conversion from 'double' to 'GLfloat', possible loss of data
     1>d:\users\mcphy\documents\visual studio 2013\graphicsgame\editor\game.cpp(668): warning C4244: 'argument' : conversion from 'double' to 'GLfloat', possible loss of data
       ManifestResourceCompile:
         All outputs are up-to-date.
       Link:
         D:\Program Files (x86)\Microsoft Visual Studio 10.0\VC\bin\link.exe /ERRORREPORT:PROMPT /OUT:"D:\Users\mcphy\Documents\Visual Studio 2013\GraphicsGame\Debug\Editor.exe" /INCREMENTAL /NOLOGO /LIBPATH:"D:\Users\mcphy\Documents\Visual Studio 2013\GraphicsGame\Editor\Image_Loading" openGL32.lib glu32.lib kernel32.lib user32.lib gdi32.lib winspool.lib comdlg32.lib advapi32.lib shell32.lib ole32.lib oleaut32.lib uuid.lib odbc32.lib odbccp32.lib kernel32.lib user32.lib gdi32.lib winspool.lib comdlg32.lib advapi32.lib shell32.lib ole32.lib oleaut32.lib uuid.lib odbc32.lib odbccp32.lib /MANIFEST /ManifestFile:"Debug\Editor.exe.intermediate.manifest" /MANIFESTUAC:"level='asInvoker' uiAccess='false'" /DEBUG /PDB:"D:\Users\mcphy\Documents\Visual Studio 2013\GraphicsGame\Debug\Editor.pdb" /SUBSYSTEM:WINDOWS /TLBID:1 /DYNAMICBASE /NXCOMPAT /IMPLIB:"D:\Users\mcphy\Documents\Visual Studio 2013\GraphicsGame\Debug\Editor.lib" /MACHINE:X86 Debug\Editor.exe.embed.manifest.res
         Debug\Game.obj
       Manifest:
         D:\Program Files (x86)\Microsoft SDKs\Windows\v7.0A\bin\mt.exe /nologo /verbose /out:"Debug\Editor.exe.embed.manifest" /manifest Debug\Editor.exe.intermediate.manifest
         All outputs are up-to-date.
       LinkEmbedManifest:
         All outputs are up-to-date.
         Editor.vcxproj -> D:\Users\mcphy\Documents\Visual Studio 2013\GraphicsGame\Debug\Editor.exe
       FinalizeBuildStatus:
         Deleting file "Debug\Editor.unsuccessfulbuild".
         Touching "Debug\Editor.lastbuildstate".
     1>Done Building Project "D:\Users\mcphy\Documents\Visual Studio 2013\GraphicsGame\Editor\Editor.vcxproj" (build target(s)).

Build succeeded.

Time Elapsed 00:00:01.56
